c:\users\m3tpf\source\repos\wordle\wordle\x64\debug\vc143.pdb
c:\users\m3tpf\source\repos\wordle\wordle\x64\debug\vc143.idb
c:\users\m3tpf\source\repos\wordle\wordle\x64\debug\statistic.obj
c:\users\m3tpf\source\repos\wordle\wordle\x64\debug\play.obj
c:\users\m3tpf\source\repos\wordle\wordle\x64\debug\menu.obj
c:\users\m3tpf\source\repos\wordle\wordle\x64\debug\main.obj
c:\users\m3tpf\source\repos\wordle\wordle\x64\debug\help.obj
c:\users\m3tpf\source\repos\wordle\wordle\x64\debug\guess.obj
c:\users\m3tpf\source\repos\wordle\wordle\x64\debug\gamehelp.obj
c:\users\m3tpf\source\repos\wordle\wordle\x64\debug\game.obj
c:\users\m3tpf\source\repos\wordle\wordle\x64\debug\dictionary.obj
c:\users\m3tpf\source\repos\wordle\wordle\x64\debug\session.obj
c:\users\m3tpf\source\repos\wordle\x64\debug\wordle.exe
c:\users\m3tpf\source\repos\wordle\wordle\x64\debug\wordle.ilk
c:\users\m3tpf\source\repos\wordle\x64\debug\wordle.pdb
c:\users\m3tpf\source\repos\wordle\wordle\x64\debug\game.obj.enc
c:\users\m3tpf\source\repos\wordle\wordle\x64\debug\wordle.tlog\cl.command.1.tlog
c:\users\m3tpf\source\repos\wordle\wordle\x64\debug\wordle.tlog\cl.read.1.tlog
c:\users\m3tpf\source\repos\wordle\wordle\x64\debug\wordle.tlog\cl.write.1.tlog
c:\users\m3tpf\source\repos\wordle\wordle\x64\debug\wordle.tlog\link.command.1.tlog
c:\users\m3tpf\source\repos\wordle\wordle\x64\debug\wordle.tlog\link.read.1.tlog
c:\users\m3tpf\source\repos\wordle\wordle\x64\debug\wordle.tlog\link.write.1.tlog
